mode: atomic
tools\engine\packet.go:33.85,39.31 2 3
tools\engine\packet.go:53.2,53.14 1 3
tools\engine\packet.go:66.2,66.25 1 3
tools\engine\packet.go:40.2,42.8 2 0
tools\engine\packet.go:46.2,48.8 2 3
tools\engine\packet.go:49.2,50.45 1 0
tools\engine\packet.go:53.14,54.21 1 0
tools\engine\packet.go:54.21,57.4 2 0
tools\engine\packet.go:57.4,61.4 3 0
tools\engine\packet.go:62.3,65.3 2 3
tools\engine\packet.go:69.95,73.20 2 0
tools\engine\packet.go:89.2,89.15 1 0
tools\engine\packet.go:73.20,77.17 4 0
tools\engine\packet.go:77.17,79.4 1 0
tools\engine\packet.go:80.3,80.33 1 0
tools\engine\packet.go:80.33,84.3 3 0
tools\engine\packet.go:84.3,88.3 3 0
tools\engine\packet.go:92.63,99.30 2 1
tools\engine\packet.go:118.2,118.25 1 1
tools\engine\packet.go:99.30,102.60 1 2
tools\engine\packet.go:105.3,105.18 1 2
tools\engine\packet.go:110.3,111.36 2 2
tools\engine\packet.go:114.3,115.19 2 2
tools\engine\packet.go:102.60,104.4 1 0
tools\engine\packet.go:105.18,107.4 1 2
tools\engine\packet.go:107.4,109.4 1 0
tools\engine\packet.go:111.36,113.4 1 4
tools\engine\packet.go:121.76,123.20 1 1
tools\engine\packet.go:127.2,133.23 2 0
tools\engine\packet.go:141.2,141.30 1 0
tools\engine\packet.go:151.2,151.25 1 0
tools\engine\packet.go:123.20,125.3 1 1
tools\engine\packet.go:133.23,134.49 1 0
tools\engine\packet.go:138.3,138.26 1 0
tools\engine\packet.go:134.49,136.4 1 0
tools\engine\packet.go:141.30,143.70 1 0
tools\engine\packet.go:146.3,148.19 3 0
tools\engine\packet.go:143.70,145.4 1 0
tools\engine\packet.go:154.71,167.20 3 0
tools\engine\packet.go:216.2,216.12 1 0
tools\engine\packet.go:167.20,173.35 2 0
tools\engine\packet.go:202.3,202.76 1 0
tools\engine\packet.go:206.3,209.17 3 0
tools\engine\packet.go:212.3,212.11 1 0
tools\engine\packet.go:173.35,174.48 1 0
tools\engine\packet.go:177.4,177.22 1 0
tools\engine\packet.go:180.4,180.30 1 0
tools\engine\packet.go:183.4,183.27 1 0
tools\engine\packet.go:174.48,176.5 1 0
tools\engine\packet.go:177.22,179.5 1 0
tools\engine\packet.go:180.30,182.5 1 0
tools\engine\packet.go:185.4,187.47 2 0
tools\engine\packet.go:189.4,189.22 1 0
tools\engine\packet.go:192.4,193.69 2 0
tools\engine\packet.go:196.4,196.30 1 0
tools\engine\packet.go:199.4,199.20 1 0
tools\engine\packet.go:187.47,188.5 0 0
tools\engine\packet.go:189.22,191.5 1 0
tools\engine\packet.go:193.69,195.5 1 0
tools\engine\packet.go:196.30,198.5 1 0
tools\engine\packet.go:202.76,204.4 1 0
tools\engine\packet.go:209.17,211.4 1 0
tools\engine\packet.go:212.11,213.9 1 0
tools\engine\packet_queue.go:25.24,28.2 2 2
tools\engine\packet_queue.go:30.24,33.2 2 1
tools\engine\packet_queue.go:35.54,40.49 3 24
tools\engine\packet_queue.go:49.2,51.32 2 22
tools\engine\packet_queue.go:58.2,58.13 1 22
tools\engine\packet_queue.go:40.49,41.46 1 14
tools\engine\packet_queue.go:41.46,43.16 2 12
tools\engine\packet_queue.go:44.4,46.4 1 2
tools\engine\packet_queue.go:51.32,54.3 2 14
tools\engine\packet_queue.go:54.3,57.3 2 8
tools\engine\packet_queue.go:61.33,67.2 4 100
tools\engine\client.go:40.38,55.53 3 0
tools\engine\client.go:59.2,59.65 1 0
tools\engine\client.go:63.2,66.12 3 0
tools\engine\client.go:55.53,57.3 1 0
tools\engine\client.go:59.65,61.3 1 0
tools\engine\client.go:69.52,70.33 1 0
tools\engine\client.go:74.2,78.14 3 0
tools\engine\client.go:87.2,87.19 1 0
tools\engine\client.go:70.33,72.3 1 0
tools\engine\client.go:79.2,80.61 1 0
tools\engine\client.go:81.2,82.40 1 0
tools\engine\client.go:83.2,85.8 2 0
tools\engine\client.go:90.58,98.12 3 0
tools\engine\client.go:105.2,105.44 1 0
tools\engine\client.go:121.2,122.12 2 0
tools\engine\client.go:98.12,100.52 2 0
tools\engine\client.go:100.52,102.4 1 0
tools\engine\client.go:105.44,106.67 1 0
tools\engine\client.go:118.3,118.20 1 0
tools\engine\client.go:106.67,109.4 1 0
tools\engine\client.go:109.4,110.32 1 0
tools\engine\client.go:110.32,115.4 2 0
tools\engine\client.go:115.4,117.4 1 0
tools\engine\client.go:125.47,127.33 1 0
tools\engine\client.go:135.2,136.12 2 0
tools\engine\client.go:127.33,129.3 1 0
tools\engine\client.go:139.34,141.2 1 0
tools\engine\client.go:143.58,145.2 1 0
tools\engine\client.go:147.32,148.33 1 0
tools\engine\client.go:151.2,154.12 4 0
tools\engine\client.go:148.33,150.3 1 0
tools\engine\client.go:157.75,166.2 4 0
tools\engine\client.go:168.35,172.2 3 0
tools\engine\client.go:174.26,175.23 1 0
tools\engine\client.go:175.23,181.3 3 0
tools\engine\client.go:184.47,185.23 1 0
tools\engine\client.go:192.2,192.25 1 0
tools\engine\client.go:185.23,190.3 3 0
tools\engine\client.go:195.50,196.38 1 0
tools\engine\client.go:199.2,208.25 2 0
tools\engine\client.go:212.2,212.37 1 0
tools\engine\client.go:219.2,219.26 1 0
tools\engine\client.go:196.38,198.3 1 0
tools\engine\client.go:208.25,210.3 1 0
tools\engine\client.go:212.37,213.33 1 0
tools\engine\client.go:213.33,214.14 1 0
tools\engine\client.go:214.14,216.5 1 0
tools\engine\errors.go:28.36,30.40 1 0
tools\engine\errors.go:34.2,34.33 1 0
tools\engine\errors.go:30.40,32.3 1 0
tools\engine\errors.go:37.27,39.2 1 0
tools\engine\errors.go:41.51,43.2 1 0
tools\engine\errors.go:45.52,48.28 2 0
tools\engine\errors.go:57.2,57.52 1 0
tools\engine\errors.go:49.2,51.8 2 0
tools\engine\errors.go:52.2,54.8 2 0
tools\engine\errors.go:57.52,59.3 1 0
tools\engine\errors.go:59.3,63.3 3 0
tools\engine\server.go:34.45,36.2 1 0
tools\engine\server.go:38.75,39.25 1 0
tools\engine\server.go:46.2,54.39 2 0
tools\engine\server.go:61.2,61.16 1 0
tools\engine\server.go:39.25,41.3 1 0
tools\engine\server.go:54.39,57.3 1 0
tools\engine\server.go:57.3,57.48 1 0
tools\engine\server.go:57.48,59.3 1 0
tools\engine\server.go:61.16,63.3 1 0
tools\engine\server.go:63.3,65.3 1 0
tools\engine\server.go:80.44,82.2 1 0
tools\engine\server.go:84.92,89.42 3 0
tools\engine\server.go:100.2,106.12 4 0
tools\engine\server.go:113.2,119.20 4 0
tools\engine\server.go:90.2,92.8 2 0
tools\engine\server.go:93.2,95.8 2 0
tools\engine\server.go:96.2,97.41 1 0
tools\engine\server.go:106.12,107.28 1 0
tools\engine\server.go:107.28,110.4 2 0
tools\engine\transport_polling.go:26.36,28.2 1 0
tools\engine\transport_polling.go:30.44,32.2 1 0
tools\engine\transport_polling.go:34.66,36.2 1 0
tools\engine\transport_polling.go:38.82,40.29 1 0
tools\engine\transport_polling.go:40.29,42.3 1 0
tools\engine\transport_polling.go:42.3,42.37 1 0
tools\engine\transport_polling.go:42.37,44.3 1 0
tools\engine\transport_polling.go:44.3,47.3 2 0
tools\engine\transport_polling.go:50.33,55.2 1 0
tools\engine\transport_polling.go:57.79,59.52 1 0
tools\engine\transport_polling.go:64.2,69.50 4 0
tools\engine\transport_polling.go:59.52,62.3 2 0
tools\engine\transport_polling.go:69.50,70.52 1 0
tools\engine\transport_polling.go:73.3,73.62 1 0
tools\engine\transport_polling.go:70.52,72.4 1 0
tools\engine\transport_polling.go:73.62,75.4 0 0
tools\engine\transport_polling.go:75.4,77.4 1 0
tools\engine\transport_polling.go:79.3,80.10 1 0
tools\engine\transport_polling.go:81.3,82.53 1 0
tools\engine\transport_polling.go:86.3,87.53 1 0
tools\engine\transport_polling.go:82.53,85.5 2 0
tools\engine\transport_polling.go:87.53,91.5 3 0
tools\engine\transport_polling.go:101.70,108.54 2 0
tools\engine\transport_polling.go:113.2,115.55 2 0
tools\engine\transport_polling.go:120.2,120.25 1 0
tools\engine\transport_polling.go:108.54,111.3 2 0
tools\engine\transport_polling.go:115.55,118.3 2 0
tools\engine\transport_polling.go:123.55,126.52 1 0
tools\engine\transport_polling.go:130.2,130.61 1 0
tools\engine\transport_polling.go:136.2,136.8 1 0
tools\engine\transport_polling.go:126.52,128.3 1 0
tools\engine\transport_polling.go:130.61,132.3 1 0
tools\engine\transport_polling.go:132.3,134.3 1 0
tools\engine\transport_websocket.go:16.46,18.2 1 0
tools\engine\transport_websocket.go:20.54,22.2 1 0
tools\engine\transport_websocket.go:24.76,26.2 0 0
tools\engine\transport_websocket.go:28.92,30.2 0 0
tools\engine\transport_websocket.go:32.43,34.2 1 0
tools\engine\transport_websocket.go:36.59,38.2 1 0
tools\engine\utils.go:14.50,20.16 5 1
tools\engine\utils.go:26.2,26.50 1 1
tools\engine\utils.go:29.2,29.26 1 1
tools\engine\utils.go:20.16,21.41 1 1
tools\engine\utils.go:21.41,23.4 1 0
tools\engine\utils.go:26.50,28.3 1 0
